[08:46:40] [ServerMain/INFO]: Environment: Environment[sessionHost=https://sessionserver.mojang.com, servicesHost=https://api.minecraftservices.com, name=PROD]
[08:46:42] [ServerMain/INFO]: Loaded 1175 recipes
[08:46:43] [ServerMain/INFO]: Loaded 1276 advancements
[08:46:43] [Server thread/INFO]: Starting minecraft server version 1.20.6
[08:46:43] [Server thread/INFO]: Loading properties
[08:46:43] [Server thread/INFO]: This server is running Paper version git-Paper-23 (MC: 1.20.6) (Implementing API version 1.20.6-R0.1-SNAPSHOT) (Git: 44ee092)
[08:46:44] [Server thread/INFO]: Server Ping Player Sample Count: 12
[08:46:44] [Server thread/INFO]: Using 4 threads for Netty based IO
[08:46:45] [Server thread/WARN]: [!] The timings profiler has been enabled but has been scheduled for removal from Paper in the future.
    We recommend installing the spark profiler as a replacement: https://spark.lucko.me/
    For more information please visit: https://github.com/PaperMC/Paper/issues/8948
[08:46:45] [Server thread/INFO]: [ChunkTaskScheduler] Chunk system is using 1 I/O threads, 1 worker threads, and gen parallelism of 1 threads
[08:46:45] [Server thread/INFO]: Default game type: SURVIVAL
[08:46:45] [Server thread/INFO]: Generating keypair
[08:46:45] [Server thread/INFO]: Starting Minecraft server on *:25565
[08:46:45] [Server thread/INFO]: Using epoll channel type
[08:46:45] [Server thread/INFO]: Paper: Using libdeflate (Linux x86_64) compression from Velocity.
[08:46:45] [Server thread/INFO]: Paper: Using OpenSSL 1.1.x (Linux x86_64) cipher from Velocity.
[08:46:45] [Server thread/ERROR]: [ModernPluginLoadingStrategy] Could not load 'plugins/.paper-remapped/orebfuscator-plugin-5.5.2.jar' in 'plugins/.paper-remapped'
org.bukkit.plugin.UnknownDependencyException: Unknown/missing dependency plugins: [ProtocolLib]. Please download and install these plugins to run 'Orebfuscator'.
	at io.papermc.paper.plugin.entrypoint.strategy.modern.ModernPluginLoadingStrategy.loadProviders(ModernPluginLoadingStrategy.java:82) ~[paper-1.20.6.jar:git-Paper-23]
	at io.papermc.paper.plugin.storage.SimpleProviderStorage.enter(SimpleProviderStorage.java:38) ~[paper-1.20.6.jar:git-Paper-23]
	at io.papermc.paper.plugin.entrypoint.LaunchEntryPointHandler.enter(LaunchEntryPointHandler.java:36) ~[paper-1.20.6.jar:git-Paper-23]
	at org.bukkit.craftbukkit.CraftServer.loadPlugins(CraftServer.java:508) ~[paper-1.20.6.jar:git-Paper-23]
	at net.minecraft.server.dedicated.DedicatedServer.initServer(DedicatedServer.java:287) ~[paper-1.20.6.jar:git-Paper-23]
	at net.minecraft.server.MinecraftServer.runServer(MinecraftServer.java:1140) ~[paper-1.20.6.jar:git-Paper-23]
	at net.minecraft.server.MinecraftServer.lambda$spin$0(MinecraftServer.java:326) ~[paper-1.20.6.jar:git-Paper-23]
	at java.base/java.lang.Thread.run(Thread.java:1583) ~[?:?]
[08:46:46] [Server thread/INFO]: [Coordinates] Loading server plugin Coordinates v0.2.2
[08:46:46] [Server thread/INFO]: [InstantRestock] Loading server plugin InstantRestock v2.5.1
[08:46:46] [Server thread/INFO]: [CleanPing] Loading server plugin CleanPing v1.6.1
[08:46:46] [Server thread/INFO]: [playit-gg] Loading server plugin playit-gg v0.1.4
[08:46:46] [Server thread/INFO]: [TreeFella] Loading server plugin TreeFella v1.2
[08:46:46] [Server thread/INFO]: Server permissions file permissions.yml is empty, ignoring it
[08:46:46] [Server thread/WARN]: **** SERVER IS RUNNING IN OFFLINE/INSECURE MODE!
[08:46:46] [Server thread/WARN]: The server will make no attempt to authenticate usernames. Beware.
[08:46:46] [Server thread/WARN]: While this makes the game possible to play without internet access, it also opens up the ability for hackers to connect with any username they choose.
[08:46:46] [Server thread/WARN]: To change this, set "online-mode" to "true" in the server.properties file.
[08:46:46] [Server thread/INFO]: Preparing level "world"
[08:46:46] [Server thread/INFO]: Preparing start region for dimension minecraft:overworld
[08:46:46] [Server thread/INFO]: Time elapsed: 10 ms
[08:46:46] [Server thread/INFO]: Preparing start region for dimension minecraft:the_nether
[08:46:46] [Server thread/INFO]: Time elapsed: 1 ms
[08:46:46] [Server thread/INFO]: Preparing start region for dimension minecraft:the_end
[08:46:46] [Server thread/INFO]: Time elapsed: 0 ms
[08:46:46] [Server thread/INFO]: [Coordinates] Enabling Coordinates v0.2.2
[08:46:47] [Server thread/INFO]: [Coordinates] Coordinates plugin has been enabled
[08:46:47] [Server thread/INFO]: [InstantRestock] Enabling InstantRestock v2.5.1
[08:46:48] [Server thread/INFO]: [InfiniteVillagerTrades] Enabled InstantRestock!
[08:46:48] [Server thread/INFO]: [CleanPing] Enabling CleanPing v1.6.1
[08:46:48] [Server thread/INFO]: [CleanPing] 
   ___ _                 ___ _           
  / __| |___ __ _ _ _   | _ (_)_ _  __ _ 
 | (__| / -_) _` | ' \  |  _/ | ' \/ _` |
  \___|_\___\__,_|_||_| |_| |_|_||_\__, |
                                   |___/ 

[08:46:48] [Server thread/INFO]: [CleanPing] Server version: 1.20.6-R0.1-SNAPSHOT
[08:46:48] [Server thread/INFO]: [CleanPing] Loading configuration...
[08:46:49] [Server thread/INFO]: [CleanPing] Loading commands...
[08:46:49] [Server thread/INFO]: [CleanPing] Metrics loaded successfully!
[08:46:49] [Server thread/INFO]: [CleanPing] Plugin successfully loaded!
[08:46:49] [Server thread/INFO]: [playit-gg] Enabling playit-gg v0.1.4
[08:46:49] [Folia Async Scheduler Thread #0/INFO]: [InfiniteVillagerTrades] A new update is available!
[08:46:49] [Folia Async Scheduler Thread #0/INFO]: [https://modrinth.com/plugin/infinite-villager-trading]
[08:46:50] [Thread-7/INFO]: [gg.playit.minecraft.PlayitKeysSetup] secret key found, checking
[08:46:50] [Thread-7/INFO]: [gg.playit.minecraft.PlayitKeysSetup] check secret
[08:46:50] [Server thread/INFO]: [TreeFella] Enabling TreeFella v1.2
[08:46:50] [Server thread/INFO]: Running delayed init tasks
[08:46:50] [Server thread/INFO]: Done (7.382s)! For help, type "help"
[08:46:50] [Server thread/INFO]: Timings Reset
[08:46:52] [Thread-7/INFO]: [gg.playit.minecraft.PlayitKeysSetup] found minecraft java tunnel: for-arthur.joinmc.link
[08:46:52] [Thread-7/INFO]: [gg.playit.minecraft.PlayitManager] keys and tunnel setup
[08:46:52] [Thread-7/INFO]: playit.gg: tunnel setup
[08:46:52] [Thread-7/INFO]: playit.gg: for-arthur.joinmc.link
[08:46:52] [Thread-7/WARN]: [gg.playit.control.ChannelSetup] Got IO error working with :control.playit.gg/2602:fbaf:840:0:0:0:0:1, error : java.net.SocketException: Network is unreachable
[08:46:53] [Thread-7/INFO]: [gg.playit.control.ChannelSetup] request queued, waiting 1 second before resend
[08:47:08] [Thread-7/INFO]: [gg.playit.minecraft.PlayitManager] got new client: NewClient{connectAddr=147.185.221.194:48125, peerAddr=103.157.168.3:50555, claimAddress=209.25.143.2:42760, claimToken=[44, 0, 60, -109, -71, -35, -62, -69, -3, 103, -99, -88, 3, -59, 123, -47, 93, -94, -22, -89, 8, 104, 20, -122, -116, 0, 0, 0, 0, 0, 17, -84, -87, 0, 0, 0, 0, 0, 65, 48, -122, -5, -22, -89, 8, 0, 0, 0, 0, 28, 0, 0, 0, 0, 0, 0, 0, 1, 0, 1, -41, 85, 37, 40, -5, -45, 104, -39, -94, -41, -92, 85, 47, 14, 56, -121], tunnelServerId=1, dataCenterId=28}
[08:47:08] [Thread-7/INFO]: [gg.playit.minecraft.PlayitManager] starting tcp tunnel for client
[08:47:08] [Thread-7/INFO]: [gg.playit.minecraft.PlayitTcpTunnel] start connection to /209.25.143.2:42760 to claim client
[08:47:08] [nioEventLoopGroup-2-1/INFO]: [gg.playit.minecraft.PlayitTcpTunnel] connected to tunnel server, sending claim token
[08:47:08] [nioEventLoopGroup-2-1/INFO]: [gg.playit.minecraft.PlayitTcpTunnel] claim token sent
[08:47:08] [nioEventLoopGroup-2-1/INFO]: [gg.playit.minecraft.PlayitTcpTunnel] connection to tunnel server has been established
[08:47:08] [nioEventLoopGroup-2-1/INFO]: [gg.playit.minecraft.PlayitTcpTunnel] Reflect: ReflectionHelper{ServerConnection=class net.minecraft.server.network.ServerConnectionListener, LegacyPingHandler=class net.minecraft.server.network.LegacyQueryHandler, MinecraftServer=class net.minecraft.server.MinecraftServer, PacketSplitter=class net.minecraft.network.Varint21FrameDecoder, PacketDecoder=class net.minecraft.network.PacketDecoder, EnumProtocolDirection=class net.minecraft.network.protocol.PacketFlow, PacketPrepender=class net.minecraft.network.Varint21LengthFieldPrepender, PacketEncoder=class net.minecraft.network.PacketEncoder, NetworkManagerServer=class net.minecraft.network.RateKickingConnection, NetworkManager=class net.minecraft.network.Connection, HandshakeListener=class net.minecraft.server.network.ServerHandshakePacketListenerImpl, PacketListener=interface net.minecraft.network.PacketListener, CraftServer=class org.bukkit.craftbukkit.CraftServer}
[08:47:08] [nioEventLoopGroup-2-1/INFO]: [gg.playit.minecraft.PlayitTcpTunnel] legacyPingHandler is null
[08:47:08] [nioEventLoopGroup-2-1/INFO]: [gg.playit.minecraft.PlayitTcpTunnel] connecting to minecraft server at localhost/127.0.0.1:25565
[08:47:08] [nioEventLoopGroup-2-2/INFO]: [gg.playit.minecraft.PlayitTcpTunnel] connected to local minecraft server
[08:47:22] [Thread-7/INFO]: [gg.playit.minecraft.PlayitManager] got new client: NewClient{connectAddr=147.185.221.194:48125, peerAddr=103.157.168.3:50561, claimAddress=209.25.143.2:42760, claimToken=[44, 0, 60, -109, -71, -35, -62, -69, -3, 103, -99, -88, 3, -59, -127, -11, 60, 18, -48, -89, 8, 104, 20, -122, -102, 0, 0, 0, 0, 0, 17, -84, -87, 0, 0, 0, 0, 0, 65, 48, -122, 99, -48, -89, 8, 0, 0, 0, 0, 28, 0, 0, 0, 0, 0, 0, 0, 1, 0, 1, -61, 80, 55, -60, -12, 31, -126, 93, 72, 91, 113, 114, -37, -91, 65, -90], tunnelServerId=1, dataCenterId=28}
[08:47:22] [Thread-7/INFO]: [gg.playit.minecraft.PlayitManager] starting tcp tunnel for client
[08:47:22] [Thread-7/INFO]: [gg.playit.minecraft.PlayitTcpTunnel] start connection to /209.25.143.2:42760 to claim client
[08:47:22] [nioEventLoopGroup-2-3/INFO]: [gg.playit.minecraft.PlayitTcpTunnel] connected to tunnel server, sending claim token
[08:47:22] [nioEventLoopGroup-2-3/INFO]: [gg.playit.minecraft.PlayitTcpTunnel] claim token sent
[08:47:22] [nioEventLoopGroup-2-3/INFO]: [gg.playit.minecraft.PlayitTcpTunnel] connection to tunnel server has been established
[08:47:22] [nioEventLoopGroup-2-3/INFO]: [gg.playit.minecraft.PlayitTcpTunnel] Reflect: ReflectionHelper{ServerConnection=class net.minecraft.server.network.ServerConnectionListener, LegacyPingHandler=class net.minecraft.server.network.LegacyQueryHandler, MinecraftServer=class net.minecraft.server.MinecraftServer, PacketSplitter=class net.minecraft.network.Varint21FrameDecoder, PacketDecoder=class net.minecraft.network.PacketDecoder, EnumProtocolDirection=class net.minecraft.network.protocol.PacketFlow, PacketPrepender=class net.minecraft.network.Varint21LengthFieldPrepender, PacketEncoder=class net.minecraft.network.PacketEncoder, NetworkManagerServer=class net.minecraft.network.RateKickingConnection, NetworkManager=class net.minecraft.network.Connection, HandshakeListener=class net.minecraft.server.network.ServerHandshakePacketListenerImpl, PacketListener=interface net.minecraft.network.PacketListener, CraftServer=class org.bukkit.craftbukkit.CraftServer}
[08:47:22] [nioEventLoopGroup-2-3/INFO]: [gg.playit.minecraft.PlayitTcpTunnel] legacyPingHandler is null
[08:47:22] [nioEventLoopGroup-2-3/INFO]: [gg.playit.minecraft.PlayitTcpTunnel] connecting to minecraft server at localhost/127.0.0.1:25565
[08:47:22] [nioEventLoopGroup-2-4/INFO]: [gg.playit.minecraft.PlayitTcpTunnel] connected to local minecraft server
[08:47:22] [User Authenticator #0/INFO]: UUID of player R1DERG4MER is 4e00e74a-ded6-362c-8dc2-0830e33ed879
[08:47:23] [Server thread/INFO]: R1DERG4MER joined the game
[08:47:23] [Server thread/INFO]: R1DERG4MER[/127.0.0.1:57028] logged in with entity id 1 at ([world]33.07499998807907, 127.00133597911214, -50.30000001192093)
[08:47:24] [Server thread/WARN]: [EntityLookup] Entity uuid already exists: a025b7af-deba-431e-93ee-09e9c736fdd4, mapped to Bat['Bat'/72, uuid='a025b7af-deba-431e-93ee-09e9c736fdd4', l='ServerLevel[world]', x=34.56, y=7.58, z=-88.92, cpos=[2, -6], tl=879, v=true], can't add Bat['Bat'/95, uuid='a025b7af-deba-431e-93ee-09e9c736fdd4', l='ServerLevel[world]', x=31.38, y=6.93, z=-88.53, cpos=[1, -6], tl=863, v=false]
[08:47:50] [Server thread/WARN]: [EntityLookup] Entity uuid already exists: 30c5b9b4-9b10-465c-90ad-ff615997daaa, mapped to Villager['Farmer'/814, uuid='30c5b9b4-9b10-465c-90ad-ff615997daaa', l='ServerLevel[world]', x=-463.57, y=68.47, z=-280.44, cpos=[-29, -18], tl=1188803, v=true], can't add Villager['Farmer'/839, uuid='30c5b9b4-9b10-465c-90ad-ff615997daaa', l='ServerLevel[world]', x=-464.34, y=67.47, z=-279.36, cpos=[-30, -18], tl=1188815, v=false]
[08:50:55] [Thread-7/INFO]: [gg.playit.control.ChannelSetup] send keep alive
[08:54:31] [Async Chat Thread - #0/INFO]: [Not Secure] <R1DERG4MER> 61 130 -20
[08:54:50] [Server thread/INFO]: Made R1DERG4MER a server operator
[08:54:57] [Thread-7/INFO]: [gg.playit.control.ChannelSetup] send keep alive
[08:55:35] [Server thread/INFO]: R1DERG4MER issued server command: /fill -20 119 -75 61 130 -20 minecraft:air
[08:55:55] [Server thread/INFO]: R1DERG4MER issued server command: /fill -7 123 -64 61 130 -20 minecraft:air
[08:55:55] [Server thread/INFO]: [R1DERG4MER: Successfully filled 5085 block(s)]
[08:56:02] [Server thread/INFO]: R1DERG4MER issued server command: /gamemode spectator
[08:56:02] [Server thread/INFO]: [R1DERG4MER: Set own game mode to Spectator Mode]
[08:56:03] [Server thread/INFO]: R1DERG4MER issued server command: /gamemode survival
[08:56:03] [Server thread/INFO]: [R1DERG4MER: Set own game mode to Survival Mode]
[08:56:04] [Server thread/INFO]: R1DERG4MER issued server command: /gamemode creative
[08:56:04] [Server thread/INFO]: [R1DERG4MER: Set own game mode to Creative Mode]
[08:56:28] [Server thread/INFO]: R1DERG4MER issued server command: /weather clear
[08:56:28] [Server thread/INFO]: [R1DERG4MER: Set the weather to clear]
[08:58:58] [Thread-7/INFO]: [gg.playit.control.ChannelSetup] send keep alive
[08:59:09] [Async Chat Thread - #1/INFO]: [Not Secure] <R1DERG4MER> 3 134 -31
[08:59:31] [Server thread/INFO]: R1DERG4MER issued server command: /fill -45 91 -64 3 134 -31 minecraft:air
[08:59:48] [Server thread/INFO]: R1DERG4MER issued server command: /fill -37 107 -64 3 134 -31
[09:00:04] [Server thread/INFO]: R1DERG4MER issued server command: /fill -36 107 -64 3 134 -31 minecraft:air
[09:00:21] [Server thread/INFO]: R1DERG4MER issued server command: /fill -26 115 -77 3 134 -31
[09:00:36] [Server thread/INFO]: R1DERG4MER issued server command: /fill -25 116 -77 3 134 -31 minecraft:air
[09:00:36] [Server thread/INFO]: [R1DERG4MER: Successfully filled 6148 block(s)]
[09:01:03] [Async Chat Thread - #3/INFO]: [Not Secure] <R1DERG4MER> 39 117 7
[09:01:26] [Server thread/INFO]: R1DERG4MER issued server command: /fill -26 117 -64 39 117 7 minecraft:tnt
[09:01:26] [Server thread/INFO]: [R1DERG4MER: Successfully filled 4752 block(s)]
[09:02:59] [Thread-7/INFO]: [gg.playit.control.ChannelSetup] send keep alive
[09:03:21] [Server thread/INFO]: R1DERG4MER issued server command: /time set day
[09:03:21] [Server thread/INFO]: [R1DERG4MER: Set the time to 1000]
[09:03:34] [Async Chat Thread - #5/INFO]: [Not Secure] <R1DERG4MER> -26 109 -76
[09:04:06] [Server thread/INFO]: R1DERG4MER issued server command: /fill 50 109 28 -26 109 -76 minecraft:tnt
[09:04:06] [Server thread/INFO]: [R1DERG4MER: Successfully filled 8085 block(s)]
[09:05:39] [Server thread/INFO]: R1DERG4MER issued server command: /gamemode survival
[09:05:39] [Server thread/INFO]: [R1DERG4MER: Set own game mode to Survival Mode]
[09:05:41] [Server thread/INFO]: R1DERG4MER issued server command: /gamemode creative
[09:05:41] [Server thread/INFO]: [R1DERG4MER: Set own game mode to Creative Mode]
[09:05:42] [Server thread/INFO]: R1DERG4MER issued server command: /gamemode survival
[09:05:42] [Server thread/INFO]: [R1DERG4MER: Set own game mode to Survival Mode]
[09:05:43] [Server thread/INFO]: R1DERG4MER issued server command: /gamemode creative
[09:05:43] [Server thread/INFO]: [R1DERG4MER: Set own game mode to Creative Mode]
[09:05:46] [Server thread/INFO]: R1DERG4MER issued server command: /gamemode survival
[09:05:46] [Server thread/INFO]: [R1DERG4MER: Set own game mode to Survival Mode]
[09:05:47] [nioEventLoopGroup-2-3/WARN]: [gg.playit.minecraft.PlayitTcpTunnel] failed to send data to tunnel
[09:05:48] [Server thread/INFO]: R1DERG4MER lost connection: Disconnected
[09:05:48] [Server thread/INFO]: R1DERG4MER left the game
[09:05:49] [Thread-7/INFO]: [gg.playit.minecraft.PlayitManager] got new client: NewClient{connectAddr=147.185.221.194:48125, peerAddr=103.157.168.3:51006, claimAddress=209.25.143.2:42760, claimToken=[44, 0, 60, -109, -71, -35, -62, -69, -3, 103, -99, -88, 3, -57, 62, -22, -31, -120, -35, -89, 8, 104, 20, -118, -19, 0, 0, 0, 0, 0, 17, -84, -87, 0, 0, 0, 0, 0, 65, 48, -122, 8, -35, -89, 8, 0, 0, 0, 0, 28, 0, 0, 0, 0, 0, 0, 0, 1, 0, 1, 15, -60, 68, 16, 53, 56, -72, -17, -118, 37, -46, -51, 28, 46, 96, -42], tunnelServerId=1, dataCenterId=28}
[09:05:49] [Thread-7/INFO]: [gg.playit.minecraft.PlayitManager] starting tcp tunnel for client
[09:05:49] [Thread-7/INFO]: [gg.playit.minecraft.PlayitTcpTunnel] start connection to /209.25.143.2:42760 to claim client
[09:05:49] [nioEventLoopGroup-2-1/INFO]: [gg.playit.minecraft.PlayitTcpTunnel] connected to tunnel server, sending claim token
[09:05:49] [nioEventLoopGroup-2-1/INFO]: [gg.playit.minecraft.PlayitTcpTunnel] claim token sent
[09:05:49] [nioEventLoopGroup-2-1/INFO]: [gg.playit.minecraft.PlayitTcpTunnel] connection to tunnel server has been established
[09:05:49] [nioEventLoopGroup-2-1/INFO]: [gg.playit.minecraft.PlayitTcpTunnel] Reflect: ReflectionHelper{ServerConnection=class net.minecraft.server.network.ServerConnectionListener, LegacyPingHandler=class net.minecraft.server.network.LegacyQueryHandler, MinecraftServer=class net.minecraft.server.MinecraftServer, PacketSplitter=class net.minecraft.network.Varint21FrameDecoder, PacketDecoder=class net.minecraft.network.PacketDecoder, EnumProtocolDirection=class net.minecraft.network.protocol.PacketFlow, PacketPrepender=class net.minecraft.network.Varint21LengthFieldPrepender, PacketEncoder=class net.minecraft.network.PacketEncoder, NetworkManagerServer=class net.minecraft.network.RateKickingConnection, NetworkManager=class net.minecraft.network.Connection, HandshakeListener=class net.minecraft.server.network.ServerHandshakePacketListenerImpl, PacketListener=interface net.minecraft.network.PacketListener, CraftServer=class org.bukkit.craftbukkit.CraftServer}
[09:05:49] [nioEventLoopGroup-2-1/INFO]: [gg.playit.minecraft.PlayitTcpTunnel] legacyPingHandler is null
[09:05:49] [nioEventLoopGroup-2-1/INFO]: [gg.playit.minecraft.PlayitTcpTunnel] connecting to minecraft server at localhost/127.0.0.1:25565
[09:05:49] [nioEventLoopGroup-2-2/INFO]: [gg.playit.minecraft.PlayitTcpTunnel] connected to local minecraft server
[09:06:10] [Thread-7/INFO]: [gg.playit.minecraft.PlayitManager] got new client: NewClient{connectAddr=147.185.221.194:48125, peerAddr=103.157.168.3:51022, claimAddress=209.25.143.2:42760, claimToken=[44, 0, 60, -109, -71, -35, -62, -69, -3, 103, -99, -88, 3, -57, 78, -57, -10, 98, -84, -89, 8, 104, 20, -117, 2, 0, 0, 0, 0, 0, 17, -84, -87, 0, 0, 0, 0, 0, 65, 48, -122, -24, -84, -89, 8, 0, 0, 0, 0, 28, 0, 0, 0, 0, 0, 0, 0, 1, 0, 1, 47, -2, -92, -79, 24, 88, -98, -122, 67, 81, 3, 9, 74, 82, -86, 83], tunnelServerId=1, dataCenterId=28}
[09:06:10] [Thread-7/INFO]: [gg.playit.minecraft.PlayitManager] starting tcp tunnel for client
[09:06:10] [Thread-7/INFO]: [gg.playit.minecraft.PlayitTcpTunnel] start connection to /209.25.143.2:42760 to claim client
[09:06:10] [nioEventLoopGroup-2-3/INFO]: [gg.playit.minecraft.PlayitTcpTunnel] connected to tunnel server, sending claim token
[09:06:10] [nioEventLoopGroup-2-3/INFO]: [gg.playit.minecraft.PlayitTcpTunnel] claim token sent
[09:06:10] [nioEventLoopGroup-2-3/INFO]: [gg.playit.minecraft.PlayitTcpTunnel] connection to tunnel server has been established
[09:06:10] [nioEventLoopGroup-2-3/INFO]: [gg.playit.minecraft.PlayitTcpTunnel] Reflect: ReflectionHelper{ServerConnection=class net.minecraft.server.network.ServerConnectionListener, LegacyPingHandler=class net.minecraft.server.network.LegacyQueryHandler, MinecraftServer=class net.minecraft.server.MinecraftServer, PacketSplitter=class net.minecraft.network.Varint21FrameDecoder, PacketDecoder=class net.minecraft.network.PacketDecoder, EnumProtocolDirection=class net.minecraft.network.protocol.PacketFlow, PacketPrepender=class net.minecraft.network.Varint21LengthFieldPrepender, PacketEncoder=class net.minecraft.network.PacketEncoder, NetworkManagerServer=class net.minecraft.network.RateKickingConnection, NetworkManager=class net.minecraft.network.Connection, HandshakeListener=class net.minecraft.server.network.ServerHandshakePacketListenerImpl, PacketListener=interface net.minecraft.network.PacketListener, CraftServer=class org.bukkit.craftbukkit.CraftServer}
[09:06:10] [nioEventLoopGroup-2-3/INFO]: [gg.playit.minecraft.PlayitTcpTunnel] legacyPingHandler is null
[09:06:10] [nioEventLoopGroup-2-3/INFO]: [gg.playit.minecraft.PlayitTcpTunnel] connecting to minecraft server at localhost/127.0.0.1:25565
[09:06:10] [nioEventLoopGroup-2-4/INFO]: [gg.playit.minecraft.PlayitTcpTunnel] connected to local minecraft server
[09:06:11] [Thread-7/INFO]: [gg.playit.minecraft.PlayitManager] got new client: NewClient{connectAddr=147.185.221.194:48125, peerAddr=103.157.168.3:51030, claimAddress=209.25.143.2:42760, claimToken=[44, 0, 60, -109, -71, -35, -62, -69, -3, 103, -99, -88, 3, -57, 86, -71, 41, -14, 127, -89, 8, 104, 20, -117, 3, 0, 0, 0, 0, 0, 17, -84, -87, 0, 0, 0, 0, 0, 65, 48, -122, -46, 127, -89, 8, 0, 0, 0, 0, 28, 0, 0, 0, 0, 0, 0, 0, 1, 0, 1, -34, 45, 13, -122, -87, 57, 2, 82, -29, -70, -112, -16, -107, -118, 101, -53], tunnelServerId=1, dataCenterId=28}
[09:06:11] [Thread-7/INFO]: [gg.playit.minecraft.PlayitManager] starting tcp tunnel for client
[09:06:11] [Thread-7/INFO]: [gg.playit.minecraft.PlayitTcpTunnel] start connection to /209.25.143.2:42760 to claim client
[09:06:11] [nioEventLoopGroup-2-1/INFO]: [gg.playit.minecraft.PlayitTcpTunnel] connected to tunnel server, sending claim token
[09:06:11] [nioEventLoopGroup-2-1/INFO]: [gg.playit.minecraft.PlayitTcpTunnel] claim token sent
[09:06:11] [nioEventLoopGroup-2-1/INFO]: [gg.playit.minecraft.PlayitTcpTunnel] connection to tunnel server has been established
[09:06:11] [nioEventLoopGroup-2-1/INFO]: [gg.playit.minecraft.PlayitTcpTunnel] Reflect: ReflectionHelper{ServerConnection=class net.minecraft.server.network.ServerConnectionListener, LegacyPingHandler=class net.minecraft.server.network.LegacyQueryHandler, MinecraftServer=class net.minecraft.server.MinecraftServer, PacketSplitter=class net.minecraft.network.Varint21FrameDecoder, PacketDecoder=class net.minecraft.network.PacketDecoder, EnumProtocolDirection=class net.minecraft.network.protocol.PacketFlow, PacketPrepender=class net.minecraft.network.Varint21LengthFieldPrepender, PacketEncoder=class net.minecraft.network.PacketEncoder, NetworkManagerServer=class net.minecraft.network.RateKickingConnection, NetworkManager=class net.minecraft.network.Connection, HandshakeListener=class net.minecraft.server.network.ServerHandshakePacketListenerImpl, PacketListener=interface net.minecraft.network.PacketListener, CraftServer=class org.bukkit.craftbukkit.CraftServer}
[09:06:11] [nioEventLoopGroup-2-1/INFO]: [gg.playit.minecraft.PlayitTcpTunnel] legacyPingHandler is null
[09:06:11] [nioEventLoopGroup-2-1/INFO]: [gg.playit.minecraft.PlayitTcpTunnel] connecting to minecraft server at localhost/127.0.0.1:25565
[09:06:11] [nioEventLoopGroup-2-2/INFO]: [gg.playit.minecraft.PlayitTcpTunnel] connected to local minecraft server
[09:06:11] [User Authenticator #1/INFO]: UUID of player R1DERG4MER is 4e00e74a-ded6-362c-8dc2-0830e33ed879
[09:06:12] [Server thread/INFO]: R1DERG4MER joined the game
[09:06:12] [Server thread/INFO]: R1DERG4MER[/127.0.0.1:50122] logged in with entity id 38399 at ([world]-89.77434805200168, 63.0, -59.54542368490802)
[09:06:59] [Thread-7/INFO]: [gg.playit.control.ChannelSetup] send keep alive
[09:10:59] [Thread-7/INFO]: [gg.playit.control.ChannelSetup] send keep alive
[09:11:15] [nioEventLoopGroup-2-1/WARN]: [gg.playit.minecraft.PlayitTcpTunnel] failed to send data to tunnel
[09:11:15] [nioEventLoopGroup-2-1/WARN]: [gg.playit.minecraft.PlayitTcpTunnel] failed to send data to tunnel
[09:11:15] [Server thread/INFO]: R1DERG4MER lost connection: Disconnected
[09:11:16] [Server thread/INFO]: R1DERG4MER left the game
[09:11:16] [Thread-7/INFO]: [gg.playit.minecraft.PlayitManager] got new client: NewClient{connectAddr=147.185.221.194:48125, peerAddr=103.157.168.3:51169, claimAddress=209.25.143.2:42760, claimToken=[44, 0, 60, -109, -71, -35, -62, -69, -3, 103, -99, -88, 3, -57, -31, 49, -120, -66, 68, -89, 8, 104, 20, -116, 52, 0, 0, 0, 0, 0, 17, -84, -87, 0, 0, 0, 0, 0, 65, 48, -122, 82, 68, -89, 8, 0, 0, 0, 0, 28, 0, 0, 0, 0, 0, 0, 0, 1, 0, 1, 35, -126, 95, 71, -40, -37, 123, 87, 66, -65, 107, -93, 47, 24, 8, -46], tunnelServerId=1, dataCenterId=28}
[09:11:16] [Thread-7/INFO]: [gg.playit.minecraft.PlayitManager] starting tcp tunnel for client
[09:11:16] [Thread-7/INFO]: [gg.playit.minecraft.PlayitTcpTunnel] start connection to /209.25.143.2:42760 to claim client
[09:11:16] [nioEventLoopGroup-2-3/INFO]: [gg.playit.minecraft.PlayitTcpTunnel] connected to tunnel server, sending claim token
[09:11:16] [nioEventLoopGroup-2-3/INFO]: [gg.playit.minecraft.PlayitTcpTunnel] claim token sent
[09:11:16] [nioEventLoopGroup-2-3/INFO]: [gg.playit.minecraft.PlayitTcpTunnel] connection to tunnel server has been established
[09:11:16] [nioEventLoopGroup-2-3/INFO]: [gg.playit.minecraft.PlayitTcpTunnel] Reflect: ReflectionHelper{ServerConnection=class net.minecraft.server.network.ServerConnectionListener, LegacyPingHandler=class net.minecraft.server.network.LegacyQueryHandler, MinecraftServer=class net.minecraft.server.MinecraftServer, PacketSplitter=class net.minecraft.network.Varint21FrameDecoder, PacketDecoder=class net.minecraft.network.PacketDecoder, EnumProtocolDirection=class net.minecraft.network.protocol.PacketFlow, PacketPrepender=class net.minecraft.network.Varint21LengthFieldPrepender, PacketEncoder=class net.minecraft.network.PacketEncoder, NetworkManagerServer=class net.minecraft.network.RateKickingConnection, NetworkManager=class net.minecraft.network.Connection, HandshakeListener=class net.minecraft.server.network.ServerHandshakePacketListenerImpl, PacketListener=interface net.minecraft.network.PacketListener, CraftServer=class org.bukkit.craftbukkit.CraftServer}
[09:11:16] [nioEventLoopGroup-2-3/INFO]: [gg.playit.minecraft.PlayitTcpTunnel] legacyPingHandler is null
[09:11:16] [nioEventLoopGroup-2-3/INFO]: [gg.playit.minecraft.PlayitTcpTunnel] connecting to minecraft server at localhost/127.0.0.1:25565
[09:11:16] [nioEventLoopGroup-2-4/INFO]: [gg.playit.minecraft.PlayitTcpTunnel] connected to local minecraft server
[09:12:35] [Thread-7/INFO]: [gg.playit.minecraft.PlayitManager] got new client: NewClient{connectAddr=147.185.221.194:48125, peerAddr=103.157.168.3:51223, claimAddress=209.25.143.2:42760, claimToken=[44, 0, 60, -109, -71, -35, -62, -69, -3, 103, -99, -88, 3, -56, 23, -9, -52, -73, 118, -89, 8, 104, 20, -116, -125, 0, 0, 0, 0, 0, 17, -84, -87, 0, 0, 0, 0, 0, 65, 48, -122, 25, 118, -89, 8, 0, 0, 0, 0, 28, 0, 0, 0, 0, 0, 0, 0, 1, 0, 1, 34, -63, 32, -19, 38, 60, -55, 19, 110, -11, 63, -44, -127, 89, 107, 48], tunnelServerId=1, dataCenterId=28}
[09:12:35] [Thread-7/INFO]: [gg.playit.minecraft.PlayitManager] starting tcp tunnel for client
[09:12:35] [Thread-7/INFO]: [gg.playit.minecraft.PlayitTcpTunnel] start connection to /209.25.143.2:42760 to claim client
[09:12:35] [nioEventLoopGroup-2-1/INFO]: [gg.playit.minecraft.PlayitTcpTunnel] connected to tunnel server, sending claim token
[09:12:35] [nioEventLoopGroup-2-1/INFO]: [gg.playit.minecraft.PlayitTcpTunnel] claim token sent
[09:12:35] [nioEventLoopGroup-2-1/INFO]: [gg.playit.minecraft.PlayitTcpTunnel] connection to tunnel server has been established
[09:12:35] [nioEventLoopGroup-2-1/INFO]: [gg.playit.minecraft.PlayitTcpTunnel] Reflect: ReflectionHelper{ServerConnection=class net.minecraft.server.network.ServerConnectionListener, LegacyPingHandler=class net.minecraft.server.network.LegacyQueryHandler, MinecraftServer=class net.minecraft.server.MinecraftServer, PacketSplitter=class net.minecraft.network.Varint21FrameDecoder, PacketDecoder=class net.minecraft.network.PacketDecoder, EnumProtocolDirection=class net.minecraft.network.protocol.PacketFlow, PacketPrepender=class net.minecraft.network.Varint21LengthFieldPrepender, PacketEncoder=class net.minecraft.network.PacketEncoder, NetworkManagerServer=class net.minecraft.network.RateKickingConnection, NetworkManager=class net.minecraft.network.Connection, HandshakeListener=class net.minecraft.server.network.ServerHandshakePacketListenerImpl, PacketListener=interface net.minecraft.network.PacketListener, CraftServer=class org.bukkit.craftbukkit.CraftServer}
[09:12:35] [nioEventLoopGroup-2-1/INFO]: [gg.playit.minecraft.PlayitTcpTunnel] legacyPingHandler is null
[09:12:35] [nioEventLoopGroup-2-1/INFO]: [gg.playit.minecraft.PlayitTcpTunnel] connecting to minecraft server at localhost/127.0.0.1:25565
[09:12:35] [nioEventLoopGroup-2-2/INFO]: [gg.playit.minecraft.PlayitTcpTunnel] connected to local minecraft server
[09:12:35] [User Authenticator #2/INFO]: UUID of player R1DERG4MER is 4e00e74a-ded6-362c-8dc2-0830e33ed879
[09:12:36] [Server thread/INFO]: R1DERG4MER joined the game
[09:12:36] [Server thread/INFO]: R1DERG4MER[/127.0.0.1:43100] logged in with entity id 42095 at ([world]-107.57879961581955, 65.0, -56.98234890746743)
[09:13:59] [nioEventLoopGroup-2-1/WARN]: [gg.playit.minecraft.PlayitTcpTunnel] failed to send data to tunnel
[09:13:59] [Server thread/INFO]: R1DERG4MER lost connection: Disconnected
[09:13:59] [Server thread/INFO]: R1DERG4MER left the game
[09:13:59] [Thread-7/INFO]: [gg.playit.minecraft.PlayitManager] got new client: NewClient{connectAddr=147.185.221.194:48125, peerAddr=103.157.168.3:51260, claimAddress=209.25.143.2:42760, claimToken=[44, 0, 60, -109, -71, -35, -62, -69, -3, 103, -99, -88, 3, -56, 60, 93, 96, 5, -88, -89, 8, 104, 20, -116, -41, 0, 0, 0, 0, 0, 17, -84, -87, 0, 0, 0, 0, 0, 65, 48, -122, -88, -88, -89, 8, 0, 0, 0, 0, 28, 0, 0, 0, 0, 0, 0, 0, 1, 0, 1, 120, -117, -125, 13, -57, -113, -65, 116, 21, 47, -22, -75, -95, 78, -79, -9], tunnelServerId=1, dataCenterId=28}
[09:13:59] [Thread-7/INFO]: [gg.playit.minecraft.PlayitManager] starting tcp tunnel for client
[09:13:59] [Thread-7/INFO]: [gg.playit.minecraft.PlayitTcpTunnel] start connection to /209.25.143.2:42760 to claim client
[09:13:59] [nioEventLoopGroup-2-3/INFO]: [gg.playit.minecraft.PlayitTcpTunnel] connected to tunnel server, sending claim token
[09:13:59] [nioEventLoopGroup-2-3/INFO]: [gg.playit.minecraft.PlayitTcpTunnel] claim token sent
[09:13:59] [nioEventLoopGroup-2-3/INFO]: [gg.playit.minecraft.PlayitTcpTunnel] connection to tunnel server has been established
[09:13:59] [nioEventLoopGroup-2-3/INFO]: [gg.playit.minecraft.PlayitTcpTunnel] Reflect: ReflectionHelper{ServerConnection=class net.minecraft.server.network.ServerConnectionListener, LegacyPingHandler=class net.minecraft.server.network.LegacyQueryHandler, MinecraftServer=class net.minecraft.server.MinecraftServer, PacketSplitter=class net.minecraft.network.Varint21FrameDecoder, PacketDecoder=class net.minecraft.network.PacketDecoder, EnumProtocolDirection=class net.minecraft.network.protocol.PacketFlow, PacketPrepender=class net.minecraft.network.Varint21LengthFieldPrepender, PacketEncoder=class net.minecraft.network.PacketEncoder, NetworkManagerServer=class net.minecraft.network.RateKickingConnection, NetworkManager=class net.minecraft.network.Connection, HandshakeListener=class net.minecraft.server.network.ServerHandshakePacketListenerImpl, PacketListener=interface net.minecraft.network.PacketListener, CraftServer=class org.bukkit.craftbukkit.CraftServer}
[09:13:59] [nioEventLoopGroup-2-3/INFO]: [gg.playit.minecraft.PlayitTcpTunnel] legacyPingHandler is null
[09:13:59] [nioEventLoopGroup-2-3/INFO]: [gg.playit.minecraft.PlayitTcpTunnel] connecting to minecraft server at localhost/127.0.0.1:25565
[09:13:59] [nioEventLoopGroup-2-4/INFO]: [gg.playit.minecraft.PlayitTcpTunnel] connected to local minecraft server
[09:14:28] [Server thread/INFO]: Stopping the server
[09:14:28] [Server thread/INFO]: Stopping server
[09:14:28] [Server thread/INFO]: [TreeFella] Disabling TreeFella v1.2
[09:14:28] [Server thread/INFO]: [playit-gg] Disabling playit-gg v0.1.4
[09:14:28] [Server thread/INFO]: [CleanPing] Disabling CleanPing v1.6.1
[09:14:28] [Server thread/INFO]: [CleanPing] Clearing instances...
[09:14:28] [Server thread/INFO]: [CleanPing] Plugin successfully disabled!
[09:14:28] [Server thread/INFO]: [InstantRestock] Disabling InstantRestock v2.5.1
[09:14:28] [Server thread/INFO]: [Coordinates] Disabling Coordinates v0.2.2
[09:14:28] [Server thread/INFO]: [Coordinates] Coordinates plugin has been disabled
[09:14:28] [Server thread/INFO]: Saving players
[09:14:28] [Server thread/INFO]: Saving worlds
[09:14:28] [Server thread/INFO]: Saving chunks for level 'ServerLevel[world]'/minecraft:overworld
[09:14:28] [Server thread/INFO]: [ChunkHolderManager] Waiting 60s for chunk system to halt for world 'world'
[09:14:28] [Server thread/INFO]: [ChunkHolderManager] Halted chunk system for world 'world'
[09:14:28] [Server thread/INFO]: [ChunkHolderManager] Saving all chunkholders for world 'world'
[09:14:28] [Server thread/INFO]: [ChunkHolderManager] Saved 0 block chunks, 0 entity chunks, 0 poi chunks in world 'world' in 0.00s
[09:14:28] [Server thread/INFO]: ThreadedAnvilChunkStorage (world): All chunks are saved
[09:14:28] [Server thread/INFO]: Saving chunks for level 'ServerLevel[world_nether]'/minecraft:the_nether
[09:14:28] [Server thread/INFO]: [ChunkHolderManager] Waiting 60s for chunk system to halt for world 'world_nether'
[09:14:28] [Server thread/INFO]: [ChunkHolderManager] Halted chunk system for world 'world_nether'
[09:14:28] [Server thread/INFO]: [ChunkHolderManager] Saving all chunkholders for world 'world_nether'
[09:14:28] [Server thread/INFO]: [ChunkHolderManager] Saved 0 block chunks, 0 entity chunks, 0 poi chunks in world 'world_nether' in 0.00s
[09:14:28] [Server thread/INFO]: ThreadedAnvilChunkStorage (DIM-1): All chunks are saved
[09:14:28] [Server thread/INFO]: Saving chunks for level 'ServerLevel[world_the_end]'/minecraft:the_end
[09:14:28] [Server thread/INFO]: [ChunkHolderManager] Waiting 60s for chunk system to halt for world 'world_the_end'
[09:14:28] [Server thread/INFO]: [ChunkHolderManager] Halted chunk system for world 'world_the_end'
[09:14:28] [Server thread/INFO]: [ChunkHolderManager] Saving all chunkholders for world 'world_the_end'
[09:14:28] [Server thread/INFO]: [ChunkHolderManager] Saved 0 block chunks, 0 entity chunks, 0 poi chunks in world 'world_the_end' in 0.00s
[09:14:28] [Server thread/INFO]: ThreadedAnvilChunkStorage (DIM1): All chunks are saved
[09:14:28] [Server thread/INFO]: ThreadedAnvilChunkStorage: All dimensions are saved
[09:14:28] [Server thread/INFO]: Flushing Chunk IO
[09:14:28] [Server thread/INFO]: Closing Thread Pool
[09:14:28] [Server thread/INFO]: Closing Server
